#
# A fatal error has been detected by the Java Runtime Environment:
#
#  SIGSEGV (0xb) at pc=0x00007fb78d42f24c, pid=1684, tid=0x00007fb82c3fe700
#
# JRE version: Java(TM) SE Runtime Environment (8.0_191-b12) (build 1.8.0_191-b12)
# Java VM: Java HotSpot(TM) 64-Bit Server VM (25.191-b12 mixed mode linux-amd64 compressed oops)
# Problematic frame:
# C  [libjavascriptcoregtk-4.0.so.18+0xd7524c]  WTFCrash+0x1c
#
# Failed to write core dump. Core dumps have been disabled. To enable core dumping, try "ulimit -c unlimited" before starting Java again
#
# If you would like to submit a bug report, please visit:
#   http://bugreport.java.com/bugreport/crash.jsp
#

---------------  T H R E A D  ---------------

Current thread (0x00007fb83c1b6000):  VMThread [stack: 0x00007fb82c2ff000,0x00007fb82c3ff000] [id=1698]

siginfo: si_signo: 11 (SIGSEGV), si_code: 1 (SEGV_MAPERR), si_addr: 0x00000000bbadbeef

Registers:
RAX=0x00000000bbadbeef, RBX=0x00007fb7874fc098, RCX=0x0000000000000050, RDX=0x00007fb7ec000080
RSP=0x00007fb82c3fd9b0, RBP=0x00007fb7874f7000, RSI=0x0000000000000000, RDI=0x00007fb82c3fd828
R8 =0x0000000000000050, R9 =0x000000000000003c, R10=0x00000000ffffffc4, R11=0x0000000000000000
R12=0x00007fb7874fd800, R13=0x00007fb7874fd280, R14=0x00007fb7874fd780, R15=0x0000000000000000
RIP=0x00007fb78d42f24c, EFLAGS=0x0000000000010206, CSGSFS=0x002b000000000033, ERR=0x0000000000000006
  TRAPNO=0x000000000000000e

Top of Stack: (sp=0x00007fb82c3fd9b0)
0x00007fb82c3fd9b0:   00007fb7874fd780 00007fb78dd5f999
0x00007fb82c3fd9c0:   00007fb83fec4520 0000000000000000
0x00007fb82c3fd9d0:   00007fb83c30d3a0 0000000000000000
0x00007fb82c3fd9e0:   0000000000001001 0000000000000000
0x00007fb82c3fd9f0:   0000000000000000 e50fe67af9f15200
0x00007fb82c3fda00:   0000000000000000 00007fb7874fd210
0x00007fb82c3fda10:   00007fb7874f7000 00007fb7874fd800
0x00007fb82c3fda20:   00007fb7874fd280 00007fb7874fd780
0x00007fb82c3fda30:   0000000000000000 00007fb78dda3d9a
0x00007fb82c3fda40:   00007fb83f482e90 00007fb83f482e98
0x00007fb82c3fda50:   00007fb7874f7020 00007fb7fd0c184e
0x00007fb82c3fda60:   0000000000000001 00007fb7874f7000
0x00007fb82c3fda70:   00007fb7874fd800 00007fb7874fd800
0x00007fb82c3fda80:   00007fb79009e0e0 00007fb7874fd780
0x00007fb82c3fda90:   0000000000000000 00007fb78dda4219
0x00007fb82c3fdaa0:   00007fb79009e010 00007fb78e0210d0
0x00007fb82c3fdab0:   00000000006ccee0 0000000000000001
0x00007fb82c3fdac0:   00007fb79009e0e0 00007fb79009e0e8
0x00007fb82c3fdad0:   00007fb79009e0f0 00007fb7fd5fc200
0x00007fb82c3fdae0:   00000000006ccee0 00007fb7fd3bde72
0x00007fb82c3fdaf0:   0000000000000001 000000000000008f
0x00007fb82c3fdb00:   00007fb843f90718 000000000000003b
0x00007fb82c3fdb10:   00007fb843f95628 00007fb843be8041
0x00007fb82c3fdb20:   00007fb82c3fdb70 000000013c166540
0x00007fb82c3fdb30:   00007fb83c166928 000000000000008f
0x00007fb82c3fdb40:   00007fb82c3fdb90 00007fb83c166540
0x00007fb82c3fdb50:   00007fb83c166928 00007fb83c166550
0x00007fb82c3fdb60:   00007fb7414d9740 00007fb843be813a
0x00007fb82c3fdb70:   00007fb82c3fdb90 00007fb843241527
0x00007fb82c3fdb80:   00007fb82c3fdbc0 00007fb83c1b5290
0x00007fb82c3fdb90:   00007fb82c3fdbe0 00007fb8436960f6
0x00007fb82c3fdba0:   00007fb82c3fdbc0 00000000000003d8 

Instructions: (pc=0x00007fb78d42f24c)
0x00007fb78d42f22c:   00 00 00 00 48 83 ec 08 48 8b 05 8d bc 2a 00 48
0x00007fb78d42f23c:   85 c0 74 02 ff d0 e8 49 ff ff ff b8 ef be ad bb
0x00007fb78d42f24c:   c7 00 00 00 00 00 0f 0b 66 90 66 2e 0f 1f 84 00
0x00007fb78d42f25c:   00 00 00 00 48 83 ec 08 e8 c7 ff ff ff 0f 1f 80 

Register to memory mapping:

RAX=